2019-12-13 09:24:51,015 INFO notifyConnectTimeout:200

2019-12-13 09:24:51,016 INFO notifySocketTimeout:8000

2019-12-13 09:24:51,020 INFO isHealthCheck:true

2019-12-13 09:24:51,020 INFO maxHealthCheckFailCount:12

2019-12-13 09:24:51,020 INFO maxContent:10485760

2019-12-13 09:24:51,657 INFO Schema 'NACOS' already exists.

2019-12-13 09:24:51,714 INFO Table/View 'CONFIG_INFO' already exists in Schema 'NACOS'.

2019-12-13 09:24:51,770 INFO Table/View 'HIS_CONFIG_INFO' already exists in Schema 'NACOS'.

2019-12-13 09:24:51,794 INFO Table/View 'CONFIG_INFO_BETA' already exists in Schema 'NACOS'.

2019-12-13 09:24:51,804 INFO Table/View 'CONFIG_INFO_TAG' already exists in Schema 'NACOS'.

2019-12-13 09:24:51,815 INFO Table/View 'CONFIG_INFO_AGGR' already exists in Schema 'NACOS'.

2019-12-13 09:24:51,826 INFO Table/View 'APP_LIST' already exists in Schema 'NACOS'.

2019-12-13 09:24:51,835 INFO Table/View 'APP_CONFIGDATA_RELATION_SUBS' already exists in Schema 'NACOS'.

2019-12-13 09:24:51,843 INFO Table/View 'APP_CONFIGDATA_RELATION_PUBS' already exists in Schema 'NACOS'.

2019-12-13 09:24:51,851 INFO Table/View 'CONFIG_TAGS_RELATION' already exists in Schema 'NACOS'.

2019-12-13 09:24:51,865 INFO Table/View 'GROUP_CAPACITY' already exists in Schema 'NACOS'.

2019-12-13 09:24:51,878 INFO Table/View 'TENANT_CAPACITY' already exists in Schema 'NACOS'.

2019-12-13 09:24:51,888 INFO Table/View 'TENANT_INFO' already exists in Schema 'NACOS'.

2019-12-13 09:24:51,904 INFO Table/View 'USERS' already exists in Schema 'NACOS'.

2019-12-13 09:24:51,913 INFO Table/View 'ROLES' already exists in Schema 'NACOS'.

2019-12-13 09:24:52,020 INFO The statement was aborted because it would have caused a duplicate key value in a unique or primary key constraint or unique index identified by 'SQL191111152928520' defined on 'USERS'.

2019-12-13 09:24:52,130 WARN DumpService start

2019-12-13 09:24:52,133 INFO start clear all config-info.

2019-12-13 09:24:52,139 WARN clear all config-info failed.

2019-12-13 09:24:52,139 WARN clear all config-info-tenant failed.

2019-12-13 09:24:52,215 INFO start clear all config-info-beta.

2019-12-13 09:24:52,215 WARN clear all config-info-beta failed.

2019-12-13 09:24:52,215 WARN clear all config-info-beta-tenant failed.

2019-12-13 09:24:52,228 INFO start clear all config-info-tag.

2019-12-13 09:24:52,228 WARN clear all config-info-tag failed.

2019-12-13 09:24:52,228 WARN clear all config-info-tag-tenant failed.

2019-12-13 09:24:52,684 INFO ServerListService address-server port:8848

2019-12-13 09:24:52,684 INFO ADDRESS_SERVER_URL:http://jmenv.tbsite.net:8080/nacos/serverlist

2019-12-13 09:24:52,685 WARN [serverlist] updated to [192.168.88.92]

