2019-12-13 09:24:46,845 INFO Starting Nacos v1.1.4 on DESKTOP-8BE331L with PID 4012 (E:\timing_java\SpringCloud\springcloud-nacos\nacos\target\nacos-server.jar started by user in E:\timing_java\SpringCloud\springcloud-nacos\nacos\bin)

2019-12-13 09:24:46,851 INFO The following profiles are active: standalone

2019-12-13 09:24:49,133 INFO Bean 'org.springframework.security.config.annotation.configuration.ObjectPostProcessorConfiguration' of type [org.springframework.security.config.annotation.configuration.ObjectPostProcessorConfiguration$$EnhancerBySpringCGLIB$$5e2036de] is not eligible for getting processed by all BeanPostProcessors (for example: not eligible for auto-proxying)

2019-12-13 09:24:49,241 INFO Bean 'objectPostProcessor' of type [org.springframework.security.config.annotation.configuration.AutowireBeanFactoryObjectPostProcessor] is not eligible for getting processed by all BeanPostProcessors (for example: not eligible for auto-proxying)

2019-12-13 09:24:49,243 INFO Bean 'org.springframework.security.access.expression.method.DefaultMethodSecurityExpressionHandler@3cbe' of type [org.springframework.security.access.expression.method.DefaultMethodSecurityExpressionHandler] is not eligible for getting processed by all BeanPostProcessors (for example: not eligible for auto-proxying)

2019-12-13 09:24:49,245 INFO Bean 'org.springframework.security.config.annotation.method.configuration.GlobalMethodSecurityConfiguration' of type [org.springframework.security.config.annotation.method.configuration.GlobalMethodSecurityConfiguration$$EnhancerBySpringCGLIB$$82f4d990] is not eligible for getting processed by all BeanPostProcessors (for example: not eligible for auto-proxying)

2019-12-13 09:24:49,254 INFO Bean 'methodSecurityMetadataSource' of type [org.springframework.security.access.method.DelegatingMethodSecurityMetadataSource] is not eligible for getting processed by all BeanPostProcessors (for example: not eligible for auto-proxying)

2019-12-13 09:24:49,969 INFO Tomcat initialized with port(s): 8849 (http)

2019-12-13 09:24:50,006 INFO Starting service [Tomcat]

2019-12-13 09:24:50,007 INFO Starting Servlet Engine: Apache Tomcat/9.0.13

2019-12-13 09:24:50,018 INFO The APR based Apache Tomcat Native library which allows optimal performance in production environments was not found on the java.library.path: [E:\Java\jdk1.8.0_201\bin;C:\windows\Sun\Java\bin;C:\windows\system32;C:\windows;E:\xshell\;C:\windows\system32;C:\windows;C:\windows\System32\Wbem;C:\windows\System32\WindowsPowerShell\v1.0\;C:\windows\System32\OpenSSH\;E:\git\Git\cmd;E:\phpstudy\PHPTutorial\php\php-7.2.1-nts;E:\erlang\erl10.2\bin;E:\Java\jdk1.8.0_201\bin;E:\Java\jdk1.8.0_201\jre\bin;C:\Program Files (x86)\nodejs\;C:\Program Files\MySQL\MySQL Utilities 1.6\;e:\Program Files (x86)\Bitvise SSH Client;E:\Program Files\JetBrains\IntelliJ IDEA 2019.2.3\plugins\maven\lib\maven3\bin;E:\Programs\rocketmq-all-4.3.0-bin-release\bin;C:\Users\user\AppData\Local\Microsoft\WindowsApps;C:\Users\user\AppData\Roaming\npm;e:\Programs\Fiddler;.]

2019-12-13 09:24:50,280 INFO Initializing Spring embedded WebApplicationContext

2019-12-13 09:24:50,280 INFO Root WebApplicationContext: initialization completed in 3370 ms

2019-12-13 09:24:52,745 INFO Use Mysql as the driver

2019-12-13 09:24:53,141 INFO Initializing ExecutorService 'applicationTaskExecutor'

2019-12-13 09:24:53,316 INFO Adding welcome page: class path resource [static/index.html]

2019-12-13 09:24:53,694 INFO Creating filter chain: Ant [pattern='/'], []

2019-12-13 09:24:53,694 INFO Creating filter chain: Ant [pattern='/**/*.css'], []

2019-12-13 09:24:53,694 INFO Creating filter chain: Ant [pattern='/**/*.js'], []

2019-12-13 09:24:53,694 INFO Creating filter chain: Ant [pattern='/**/*.html'], []

2019-12-13 09:24:53,694 INFO Creating filter chain: Ant [pattern='/**/*.map'], []

2019-12-13 09:24:53,695 INFO Creating filter chain: Ant [pattern='/**/*.svg'], []

2019-12-13 09:24:53,695 INFO Creating filter chain: Ant [pattern='/**/*.png'], []

2019-12-13 09:24:53,695 INFO Creating filter chain: Ant [pattern='/**/*.ico'], []

2019-12-13 09:24:53,695 INFO Creating filter chain: Ant [pattern='/console-fe/public/**'], []

2019-12-13 09:24:53,695 INFO Creating filter chain: Ant [pattern='/v1/auth/login'], []

2019-12-13 09:24:53,695 INFO Creating filter chain: Ant [pattern='/v1/console/health/**'], []

2019-12-13 09:24:53,695 INFO Creating filter chain: Ant [pattern='/v1/cs/**'], []

2019-12-13 09:24:53,696 INFO Creating filter chain: Ant [pattern='/v1/ns/**'], []

2019-12-13 09:24:53,696 INFO Creating filter chain: Ant [pattern='/v1/cmdb/**'], []

2019-12-13 09:24:53,696 INFO Creating filter chain: Ant [pattern='/actuator/**'], []

2019-12-13 09:24:53,696 INFO Creating filter chain: Ant [pattern='/v1/console/server/**'], []

2019-12-13 09:24:53,738 INFO Creating filter chain: any request, [org.springframework.security.web.context.request.async.WebAsyncManagerIntegrationFilter@993713, org.springframework.security.web.context.SecurityContextPersistenceFilter@5499cc, org.springframework.security.web.header.HeaderWriterFilter@1b6b6f, org.springframework.security.web.authentication.logout.LogoutFilter@b191ca, com.alibaba.nacos.console.filter.JwtAuthenticationTokenFilter@359ebd, org.springframework.security.web.savedrequest.RequestCacheAwareFilter@178a709, org.springframework.security.web.servletapi.SecurityContextHolderAwareRequestFilter@1cafec7, org.springframework.security.web.authentication.AnonymousAuthenticationFilter@b6b8f6, org.springframework.security.web.session.SessionManagementFilter@3e8023, org.springframework.security.web.access.ExceptionTranslationFilter@1b1d4fa, org.springframework.security.web.access.intercept.FilterSecurityInterceptor@1af3a0f]

2019-12-13 09:24:53,936 INFO Exposing 2 endpoint(s) beneath base path '/actuator'

2019-12-13 09:24:53,977 INFO Initializing ExecutorService 'taskScheduler'

2019-12-13 09:24:54,079 INFO Tomcat started on port(s): 8849 (http) with context path '/nacos'

2019-12-13 09:24:54,083 INFO Started Nacos in 8.355 seconds (JVM running for 8.998)

2019-12-13 09:24:54,083 INFO Nacos Log files: E:\timing_java\SpringCloud\springcloud-nacos\nacos/logs/

2019-12-13 09:24:54,084 INFO Nacos Conf files: E:\timing_java\SpringCloud\springcloud-nacos\nacos/conf/

2019-12-13 09:24:54,084 INFO Nacos Data files: E:\timing_java\SpringCloud\springcloud-nacos\nacos/data/

2019-12-13 09:24:54,084 INFO Nacos started successfully in stand alone mode.

2019-12-13 09:24:57,824 INFO Initializing Spring DispatcherServlet 'dispatcherServlet'

2019-12-13 09:24:57,824 INFO Initializing Servlet 'dispatcherServlet'

2019-12-13 09:24:57,833 INFO Completed initialization in 9 ms

2019-12-13 09:25:02,043 ERROR Responding with unauthorized error. Message - Full authentication is required to access this resource

2019-12-13 09:34:52,126 INFO [capacityManagement] start correct usage

2019-12-13 09:34:52,182 INFO [capacityManagement] end correct usage, cost: 0s

2019-12-13 09:34:52,255 WARN clearConfigHistory start

2019-12-13 09:44:52,248 INFO [capacityManagement] start correct usage

2019-12-13 09:44:52,250 INFO [capacityManagement] end correct usage, cost: 0s

2019-12-13 09:44:52,348 WARN clearConfigHistory start

2019-12-13 09:54:52,251 INFO [capacityManagement] start correct usage

2019-12-13 09:54:52,252 INFO [capacityManagement] end correct usage, cost: 0s

2019-12-13 09:54:52,434 WARN clearConfigHistory start

2019-12-13 10:04:52,254 INFO [capacityManagement] start correct usage

2019-12-13 10:04:52,255 INFO [capacityManagement] end correct usage, cost: 0s

2019-12-13 10:04:52,436 WARN clearConfigHistory start

2019-12-13 10:14:52,256 INFO [capacityManagement] start correct usage

2019-12-13 10:14:52,263 INFO [capacityManagement] end correct usage, cost: 0s

2019-12-13 10:14:52,441 WARN clearConfigHistory start

2019-12-13 10:24:08,176 INFO Expired JWT token.

2019-12-13 10:24:08,181 ERROR Responding with unauthorized error. Message - Full authentication is required to access this resource

2019-12-13 10:24:52,264 INFO [capacityManagement] start correct usage

2019-12-13 10:24:52,264 INFO [capacityManagement] end correct usage, cost: 0s

2019-12-13 10:24:52,446 WARN clearConfigHistory start

2019-12-13 10:34:52,266 INFO [capacityManagement] start correct usage

2019-12-13 10:34:52,267 INFO [capacityManagement] end correct usage, cost: 0s

2019-12-13 10:34:52,450 WARN clearConfigHistory start

2019-12-13 10:44:52,268 INFO [capacityManagement] start correct usage

2019-12-13 10:44:52,271 INFO [capacityManagement] end correct usage, cost: 0s

2019-12-13 10:44:52,454 WARN clearConfigHistory start

2019-12-13 10:54:52,272 INFO [capacityManagement] start correct usage

2019-12-13 10:54:52,274 INFO [capacityManagement] end correct usage, cost: 0s

2019-12-13 10:54:52,459 WARN clearConfigHistory start

2019-12-13 11:04:52,277 INFO [capacityManagement] start correct usage

2019-12-13 11:04:52,280 INFO [capacityManagement] end correct usage, cost: 0s

2019-12-13 11:04:52,461 WARN clearConfigHistory start

2019-12-13 11:14:52,283 INFO [capacityManagement] start correct usage

2019-12-13 11:14:52,284 INFO [capacityManagement] end correct usage, cost: 0s

2019-12-13 11:14:52,495 WARN clearConfigHistory start

2019-12-13 11:24:52,285 INFO [capacityManagement] start correct usage

2019-12-13 11:24:52,286 INFO [capacityManagement] end correct usage, cost: 0s

2019-12-13 11:24:52,503 WARN clearConfigHistory start

2019-12-13 11:30:09,724 INFO Expired JWT token.

2019-12-13 11:30:09,724 ERROR Responding with unauthorized error. Message - Full authentication is required to access this resource

2019-12-13 11:34:52,286 INFO [capacityManagement] start correct usage

2019-12-13 11:34:52,287 INFO [capacityManagement] end correct usage, cost: 0s

2019-12-13 11:34:52,506 WARN clearConfigHistory start

2019-12-13 11:44:52,415 INFO [capacityManagement] start correct usage

2019-12-13 11:44:52,417 INFO [capacityManagement] end correct usage, cost: 0s

2019-12-13 11:44:53,491 WARN clearConfigHistory start

2019-12-13 11:54:52,418 INFO [capacityManagement] start correct usage

2019-12-13 11:54:52,421 INFO [capacityManagement] end correct usage, cost: 0s

2019-12-13 11:54:53,493 WARN clearConfigHistory start

2019-12-13 12:04:52,423 INFO [capacityManagement] start correct usage

2019-12-13 12:04:52,424 INFO [capacityManagement] end correct usage, cost: 0s

2019-12-13 12:04:53,497 WARN clearConfigHistory start

2019-12-13 12:14:52,425 INFO [capacityManagement] start correct usage

2019-12-13 12:14:52,426 INFO [capacityManagement] end correct usage, cost: 0s

2019-12-13 12:14:53,504 WARN clearConfigHistory start

2019-12-13 12:16:04,846 INFO Expired JWT token.

2019-12-13 12:16:04,849 ERROR Responding with unauthorized error. Message - Full authentication is required to access this resource

2019-12-13 12:24:52,428 INFO [capacityManagement] start correct usage

2019-12-13 12:24:52,429 INFO [capacityManagement] end correct usage, cost: 0s

2019-12-13 12:24:53,507 WARN clearConfigHistory start

2019-12-13 12:34:52,431 INFO [capacityManagement] start correct usage

2019-12-13 12:34:52,431 INFO [capacityManagement] end correct usage, cost: 0s

2019-12-13 12:34:53,510 WARN clearConfigHistory start

2019-12-13 12:44:52,433 INFO [capacityManagement] start correct usage

2019-12-13 12:44:52,434 INFO [capacityManagement] end correct usage, cost: 0s

2019-12-13 12:44:53,514 WARN clearConfigHistory start

2019-12-13 12:54:52,435 INFO [capacityManagement] start correct usage

2019-12-13 12:54:52,438 INFO [capacityManagement] end correct usage, cost: 0s

2019-12-13 12:54:53,521 WARN clearConfigHistory start

2019-12-13 13:04:52,440 INFO [capacityManagement] start correct usage

2019-12-13 13:04:52,442 INFO [capacityManagement] end correct usage, cost: 0s

2019-12-13 13:04:53,523 WARN clearConfigHistory start

2019-12-13 13:14:52,443 INFO [capacityManagement] start correct usage

2019-12-13 13:14:52,445 INFO [capacityManagement] end correct usage, cost: 0s

2019-12-13 13:14:53,530 WARN clearConfigHistory start

2019-12-13 13:24:52,446 INFO [capacityManagement] start correct usage

2019-12-13 13:24:52,449 INFO [capacityManagement] end correct usage, cost: 0s

2019-12-13 13:24:53,533 WARN clearConfigHistory start

2019-12-13 13:34:52,452 INFO [capacityManagement] start correct usage

2019-12-13 13:34:52,452 INFO [capacityManagement] end correct usage, cost: 0s

2019-12-13 13:34:53,537 WARN clearConfigHistory start

2019-12-13 13:44:52,453 INFO [capacityManagement] start correct usage

2019-12-13 13:44:52,454 INFO [capacityManagement] end correct usage, cost: 0s

2019-12-13 13:44:53,541 WARN clearConfigHistory start

2019-12-13 13:54:52,457 INFO [capacityManagement] start correct usage

2019-12-13 13:54:52,458 INFO [capacityManagement] end correct usage, cost: 0s

2019-12-13 13:54:53,542 WARN clearConfigHistory start

2019-12-13 14:04:52,459 INFO [capacityManagement] start correct usage

2019-12-13 14:04:52,460 INFO [capacityManagement] end correct usage, cost: 0s

2019-12-13 14:04:53,547 WARN clearConfigHistory start

2019-12-13 14:14:52,461 INFO [capacityManagement] start correct usage

2019-12-13 14:14:52,466 INFO [capacityManagement] end correct usage, cost: 0s

2019-12-13 14:14:53,551 WARN clearConfigHistory start

2019-12-13 14:24:52,467 INFO [capacityManagement] start correct usage

2019-12-13 14:24:52,468 INFO [capacityManagement] end correct usage, cost: 0s

2019-12-13 14:24:53,554 WARN clearConfigHistory start

2019-12-13 14:34:52,469 INFO [capacityManagement] start correct usage

2019-12-13 14:34:52,470 INFO [capacityManagement] end correct usage, cost: 0s

2019-12-13 14:34:53,560 WARN clearConfigHistory start

2019-12-13 14:44:52,471 INFO [capacityManagement] start correct usage

2019-12-13 14:44:52,472 INFO [capacityManagement] end correct usage, cost: 0s

2019-12-13 14:44:53,575 WARN clearConfigHistory start

2019-12-13 14:54:52,473 INFO [capacityManagement] start correct usage

2019-12-13 14:54:52,475 INFO [capacityManagement] end correct usage, cost: 0s

2019-12-13 14:54:53,578 WARN clearConfigHistory start

2019-12-13 15:04:52,477 INFO [capacityManagement] start correct usage

2019-12-13 15:04:52,477 INFO [capacityManagement] end correct usage, cost: 0s

2019-12-13 15:04:53,583 WARN clearConfigHistory start

2019-12-13 15:14:52,479 INFO [capacityManagement] start correct usage

2019-12-13 15:14:52,482 INFO [capacityManagement] end correct usage, cost: 0s

2019-12-13 15:14:53,586 WARN clearConfigHistory start

2019-12-13 15:18:59,631 INFO Expired JWT token.

2019-12-13 15:18:59,633 ERROR Responding with unauthorized error. Message - Full authentication is required to access this resource

2019-12-13 15:24:52,484 INFO [capacityManagement] start correct usage

2019-12-13 15:24:52,487 INFO [capacityManagement] end correct usage, cost: 0s

2019-12-13 15:24:53,589 WARN clearConfigHistory start

2019-12-13 15:34:52,488 INFO [capacityManagement] start correct usage

2019-12-13 15:34:52,490 INFO [capacityManagement] end correct usage, cost: 0s

2019-12-13 15:34:53,594 WARN clearConfigHistory start

2019-12-13 15:44:52,492 INFO [capacityManagement] start correct usage

2019-12-13 15:44:52,493 INFO [capacityManagement] end correct usage, cost: 0s

2019-12-13 15:44:53,597 WARN clearConfigHistory start

2019-12-13 15:54:52,495 INFO [capacityManagement] start correct usage

2019-12-13 15:54:52,497 INFO [capacityManagement] end correct usage, cost: 0s

2019-12-13 15:54:53,602 WARN clearConfigHistory start

2019-12-13 16:04:52,499 INFO [capacityManagement] start correct usage

2019-12-13 16:04:52,499 INFO [capacityManagement] end correct usage, cost: 0s

2019-12-13 16:04:53,607 WARN clearConfigHistory start

2019-12-13 16:14:52,500 INFO [capacityManagement] start correct usage

2019-12-13 16:14:52,504 INFO [capacityManagement] end correct usage, cost: 0s

2019-12-13 16:14:53,609 WARN clearConfigHistory start

2019-12-13 16:24:52,506 INFO [capacityManagement] start correct usage

2019-12-13 16:24:52,509 INFO [capacityManagement] end correct usage, cost: 0s

2019-12-13 16:24:53,612 WARN clearConfigHistory start

2019-12-13 16:34:52,510 INFO [capacityManagement] start correct usage

2019-12-13 16:34:52,522 INFO [capacityManagement] end correct usage, cost: 0s

2019-12-13 16:34:53,614 WARN clearConfigHistory start

2019-12-13 16:44:52,523 INFO [capacityManagement] start correct usage

2019-12-13 16:44:52,524 INFO [capacityManagement] end correct usage, cost: 0s

2019-12-13 16:44:53,617 WARN clearConfigHistory start

2019-12-13 16:54:52,525 INFO [capacityManagement] start correct usage

2019-12-13 16:54:52,527 INFO [capacityManagement] end correct usage, cost: 0s

2019-12-13 16:54:53,621 WARN clearConfigHistory start

2019-12-13 17:04:52,528 INFO [capacityManagement] start correct usage

2019-12-13 17:04:52,531 INFO [capacityManagement] end correct usage, cost: 0s

2019-12-13 17:04:53,626 WARN clearConfigHistory start

2019-12-13 17:14:52,533 INFO [capacityManagement] start correct usage

2019-12-13 17:14:52,534 INFO [capacityManagement] end correct usage, cost: 0s

2019-12-13 17:14:53,629 WARN clearConfigHistory start

2019-12-13 17:24:52,535 INFO [capacityManagement] start correct usage

2019-12-13 17:24:52,539 INFO [capacityManagement] end correct usage, cost: 0s

2019-12-13 17:24:53,630 WARN clearConfigHistory start

2019-12-13 17:34:52,540 INFO [capacityManagement] start correct usage

2019-12-13 17:34:52,544 INFO [capacityManagement] end correct usage, cost: 0s

2019-12-13 17:34:53,635 WARN clearConfigHistory start

2019-12-13 17:44:52,546 INFO [capacityManagement] start correct usage

2019-12-13 17:44:52,548 INFO [capacityManagement] end correct usage, cost: 0s

2019-12-13 17:44:53,637 WARN clearConfigHistory start

2019-12-13 17:54:52,549 INFO [capacityManagement] start correct usage

2019-12-13 17:54:52,551 INFO [capacityManagement] end correct usage, cost: 0s

2019-12-13 17:54:53,642 WARN clearConfigHistory start

2019-12-13 18:04:52,553 INFO [capacityManagement] start correct usage

2019-12-13 18:04:52,554 INFO [capacityManagement] end correct usage, cost: 0s

2019-12-13 18:04:53,648 WARN clearConfigHistory start

2019-12-13 18:14:52,555 INFO [capacityManagement] start correct usage

2019-12-13 18:14:52,556 INFO [capacityManagement] end correct usage, cost: 0s

2019-12-13 18:14:53,649 WARN clearConfigHistory start

2019-12-13 18:24:52,557 INFO [capacityManagement] start correct usage

2019-12-13 18:24:52,561 INFO [capacityManagement] end correct usage, cost: 0s

2019-12-13 18:24:53,653 WARN clearConfigHistory start

2019-12-13 18:34:52,562 INFO [capacityManagement] start correct usage

2019-12-13 18:34:52,563 INFO [capacityManagement] end correct usage, cost: 0s

2019-12-13 18:34:53,658 WARN clearConfigHistory start

2019-12-13 18:44:52,564 INFO [capacityManagement] start correct usage

2019-12-13 18:44:52,568 INFO [capacityManagement] end correct usage, cost: 0s

2019-12-13 18:44:53,659 WARN clearConfigHistory start

2019-12-13 18:54:52,570 INFO [capacityManagement] start correct usage

2019-12-13 18:54:52,571 INFO [capacityManagement] end correct usage, cost: 0s

2019-12-13 18:54:53,661 WARN clearConfigHistory start

2019-12-13 19:04:52,573 INFO [capacityManagement] start correct usage

2019-12-13 19:04:52,574 INFO [capacityManagement] end correct usage, cost: 0s

2019-12-13 19:04:53,667 WARN clearConfigHistory start

2019-12-13 19:14:52,575 INFO [capacityManagement] start correct usage

2019-12-13 19:14:52,577 INFO [capacityManagement] end correct usage, cost: 0s

2019-12-13 19:14:53,672 WARN clearConfigHistory start

2019-12-13 19:24:52,580 INFO [capacityManagement] start correct usage

2019-12-13 19:24:52,580 INFO [capacityManagement] end correct usage, cost: 0s

2019-12-13 19:24:53,674 WARN clearConfigHistory start

2019-12-13 19:34:52,581 INFO [capacityManagement] start correct usage

2019-12-13 19:34:52,584 INFO [capacityManagement] end correct usage, cost: 0s

2019-12-13 19:34:53,679 WARN clearConfigHistory start

2019-12-13 19:44:52,586 INFO [capacityManagement] start correct usage

2019-12-13 19:44:52,590 INFO [capacityManagement] end correct usage, cost: 0s

2019-12-13 19:44:53,682 WARN clearConfigHistory start

2019-12-13 19:54:50,277 INFO [capacityManagement] start correct usage

2019-12-13 19:54:50,281 INFO [capacityManagement] end correct usage, cost: 0s

2019-12-13 19:54:51,371 WARN clearConfigHistory start

2019-12-13 20:04:50,283 INFO [capacityManagement] start correct usage

2019-12-13 20:04:50,283 INFO [capacityManagement] end correct usage, cost: 0s

2019-12-13 20:04:51,377 WARN clearConfigHistory start

2019-12-13 20:14:50,284 INFO [capacityManagement] start correct usage

2019-12-13 20:14:50,285 INFO [capacityManagement] end correct usage, cost: 0s

2019-12-13 20:14:51,381 WARN clearConfigHistory start

