2019-12-13 09:25:22,892 INFO PERFORMANCE:|0|0|-1|-1

2019-12-13 09:30:22,894 INFO PERFORMANCE:|0|0|-1|-1

2019-12-13 09:35:22,895 INFO PERFORMANCE:|0|0|-1|-1

2019-12-13 09:40:22,896 INFO PERFORMANCE:|0|0|-1|-1

2019-12-13 09:45:22,898 INFO PERFORMANCE:|0|0|-1|-1

2019-12-13 09:50:22,898 INFO PERFORMANCE:|0|0|-1|-1

2019-12-13 09:55:22,899 INFO PERFORMANCE:|0|0|-1|-1

2019-12-13 10:00:22,900 INFO PERFORMANCE:|0|0|-1|-1

2019-12-13 10:05:22,902 INFO PERFORMANCE:|0|0|-1|-1

2019-12-13 10:10:22,904 INFO PERFORMANCE:|0|0|-1|-1

2019-12-13 10:15:22,905 INFO PERFORMANCE:|0|0|-1|-1

2019-12-13 10:20:22,906 INFO PERFORMANCE:|0|0|-1|-1

2019-12-13 10:25:22,908 INFO PERFORMANCE:|0|0|-1|-1

2019-12-13 10:30:22,913 INFO PERFORMANCE:|0|0|-1|-1

2019-12-13 10:35:22,914 INFO PERFORMANCE:|0|0|-1|-1

2019-12-13 10:40:22,914 INFO PERFORMANCE:|0|0|-1|-1

2019-12-13 10:45:22,915 INFO PERFORMANCE:|0|0|-1|-1

2019-12-13 10:50:22,917 INFO PERFORMANCE:|1|1|-1|-1

2019-12-13 10:55:22,918 INFO PERFORMANCE:|1|1|-1|-1

2019-12-13 11:00:22,920 INFO PERFORMANCE:|1|1|-1|-1

2019-12-13 11:05:22,921 INFO PERFORMANCE:|1|1|-1|-1

2019-12-13 11:10:22,923 INFO PERFORMANCE:|1|1|-1|-1

2019-12-13 11:15:22,924 INFO PERFORMANCE:|1|1|-1|-1

2019-12-13 11:20:22,926 INFO PERFORMANCE:|1|1|-1|-1

2019-12-13 11:25:22,927 INFO PERFORMANCE:|1|1|-1|-1

2019-12-13 11:30:22,928 INFO PERFORMANCE:|1|1|-1|-1

2019-12-13 11:35:22,929 INFO PERFORMANCE:|1|1|-1|-1

2019-12-13 11:40:22,930 INFO PERFORMANCE:|1|1|-1|-1

2019-12-13 11:45:23,315 INFO PERFORMANCE:|1|1|-1|-1

2019-12-13 11:50:23,317 INFO PERFORMANCE:|1|0|-1|-1

2019-12-13 11:55:23,318 INFO PERFORMANCE:|1|0|-1|-1

2019-12-13 12:00:23,320 INFO PERFORMANCE:|1|0|-1|-1

2019-12-13 12:05:23,322 INFO PERFORMANCE:|1|0|-1|-1

2019-12-13 12:10:23,323 INFO PERFORMANCE:|1|0|-1|-1

2019-12-13 12:15:23,324 INFO PERFORMANCE:|1|0|-1|-1

2019-12-13 12:20:23,327 INFO PERFORMANCE:|1|0|-1|-1

2019-12-13 12:25:23,330 INFO PERFORMANCE:|1|0|-1|-1

2019-12-13 12:30:23,331 INFO PERFORMANCE:|1|0|-1|-1

2019-12-13 12:35:23,332 INFO PERFORMANCE:|1|0|-1|-1

2019-12-13 12:40:23,334 INFO PERFORMANCE:|1|0|-1|-1

2019-12-13 12:45:23,335 INFO PERFORMANCE:|1|0|-1|-1

2019-12-13 12:50:23,337 INFO PERFORMANCE:|1|0|-1|-1

2019-12-13 12:55:23,339 INFO PERFORMANCE:|1|0|-1|-1

2019-12-13 13:00:23,340 INFO PERFORMANCE:|1|0|-1|-1

2019-12-13 13:05:23,341 INFO PERFORMANCE:|1|0|-1|-1

2019-12-13 13:10:23,342 INFO PERFORMANCE:|1|0|-1|-1

2019-12-13 13:15:23,344 INFO PERFORMANCE:|1|0|-1|-1

2019-12-13 13:20:23,345 INFO PERFORMANCE:|1|0|-1|-1

2019-12-13 13:25:23,347 INFO PERFORMANCE:|1|0|-1|-1

2019-12-13 13:30:23,349 INFO PERFORMANCE:|1|0|-1|-1

2019-12-13 13:35:23,351 INFO PERFORMANCE:|1|0|-1|-1

2019-12-13 13:40:23,352 INFO PERFORMANCE:|1|0|-1|-1

2019-12-13 13:45:23,354 INFO PERFORMANCE:|1|0|-1|-1

2019-12-13 13:50:23,355 INFO PERFORMANCE:|1|0|-1|-1

2019-12-13 13:55:23,356 INFO PERFORMANCE:|1|0|-1|-1

2019-12-13 14:00:23,358 INFO PERFORMANCE:|1|0|-1|-1

2019-12-13 14:05:23,359 INFO PERFORMANCE:|1|0|-1|-1

2019-12-13 14:10:23,361 INFO PERFORMANCE:|1|0|-1|-1

2019-12-13 14:15:23,362 INFO PERFORMANCE:|1|0|-1|-1

2019-12-13 14:20:23,363 INFO PERFORMANCE:|1|0|-1|-1

2019-12-13 14:25:23,365 INFO PERFORMANCE:|1|0|-1|-1

2019-12-13 14:30:23,365 INFO PERFORMANCE:|1|0|-1|-1

2019-12-13 14:35:23,368 INFO PERFORMANCE:|1|0|-1|-1

2019-12-13 14:40:23,369 INFO PERFORMANCE:|1|0|-1|-1

2019-12-13 14:45:23,370 INFO PERFORMANCE:|1|0|-1|-1

2019-12-13 14:50:23,371 INFO PERFORMANCE:|1|0|-1|-1

2019-12-13 14:55:23,372 INFO PERFORMANCE:|1|0|-1|-1

2019-12-13 15:00:23,374 INFO PERFORMANCE:|1|0|-1|-1

2019-12-13 15:05:23,375 INFO PERFORMANCE:|1|0|-1|-1

2019-12-13 15:10:23,392 INFO PERFORMANCE:|1|0|-1|-1

2019-12-13 15:15:23,395 INFO PERFORMANCE:|1|0|-1|-1

2019-12-13 15:20:23,397 INFO PERFORMANCE:|1|1|-1|-1

2019-12-13 15:25:23,398 INFO PERFORMANCE:|1|0|-1|-1

2019-12-13 15:30:23,398 INFO PERFORMANCE:|1|0|-1|-1

2019-12-13 15:35:23,400 INFO PERFORMANCE:|1|0|-1|-1

2019-12-13 15:40:23,401 INFO PERFORMANCE:|1|0|-1|-1

2019-12-13 15:45:23,403 INFO PERFORMANCE:|1|0|-1|-1

2019-12-13 15:50:23,404 INFO PERFORMANCE:|1|0|-1|-1

2019-12-13 15:55:23,405 INFO PERFORMANCE:|1|0|-1|-1

2019-12-13 16:00:23,406 INFO PERFORMANCE:|1|0|-1|-1

2019-12-13 16:05:23,407 INFO PERFORMANCE:|1|0|-1|-1

2019-12-13 16:10:23,408 INFO PERFORMANCE:|1|0|-1|-1

2019-12-13 16:15:23,410 INFO PERFORMANCE:|1|0|-1|-1

2019-12-13 16:20:23,411 INFO PERFORMANCE:|1|0|-1|-1

2019-12-13 16:25:23,413 INFO PERFORMANCE:|1|0|-1|-1

2019-12-13 16:30:23,414 INFO PERFORMANCE:|1|0|-1|-1

2019-12-13 16:35:23,415 INFO PERFORMANCE:|1|0|-1|-1

2019-12-13 16:40:23,416 INFO PERFORMANCE:|1|0|-1|-1

2019-12-13 16:45:23,418 INFO PERFORMANCE:|1|0|-1|-1

2019-12-13 16:50:23,419 INFO PERFORMANCE:|1|0|-1|-1

2019-12-13 16:55:23,421 INFO PERFORMANCE:|1|0|-1|-1

2019-12-13 17:00:23,422 INFO PERFORMANCE:|1|0|-1|-1

2019-12-13 17:05:23,424 INFO PERFORMANCE:|1|0|-1|-1

2019-12-13 17:10:23,425 INFO PERFORMANCE:|1|0|-1|-1

2019-12-13 17:15:23,426 INFO PERFORMANCE:|1|0|-1|-1

2019-12-13 17:20:23,427 INFO PERFORMANCE:|1|0|-1|-1

2019-12-13 17:25:23,428 INFO PERFORMANCE:|1|0|-1|-1

2019-12-13 17:30:23,431 INFO PERFORMANCE:|1|0|-1|-1

2019-12-13 17:35:23,432 INFO PERFORMANCE:|1|0|-1|-1

2019-12-13 17:40:23,433 INFO PERFORMANCE:|1|0|-1|-1

2019-12-13 17:45:23,435 INFO PERFORMANCE:|1|0|-1|-1

2019-12-13 17:50:23,436 INFO PERFORMANCE:|1|0|-1|-1

2019-12-13 17:55:23,437 INFO PERFORMANCE:|1|0|-1|-1

2019-12-13 18:00:23,438 INFO PERFORMANCE:|1|0|-1|-1

2019-12-13 18:05:23,438 INFO PERFORMANCE:|1|0|-1|-1

2019-12-13 18:10:23,441 INFO PERFORMANCE:|1|0|-1|-1

2019-12-13 18:15:23,442 INFO PERFORMANCE:|1|0|-1|-1

2019-12-13 18:20:23,443 INFO PERFORMANCE:|1|0|-1|-1

2019-12-13 18:25:23,444 INFO PERFORMANCE:|1|0|-1|-1

2019-12-13 18:30:23,446 INFO PERFORMANCE:|1|0|-1|-1

2019-12-13 18:35:23,447 INFO PERFORMANCE:|1|0|-1|-1

2019-12-13 18:40:23,449 INFO PERFORMANCE:|1|0|-1|-1

2019-12-13 18:45:23,450 INFO PERFORMANCE:|1|0|-1|-1

2019-12-13 18:50:23,451 INFO PERFORMANCE:|1|0|-1|-1

2019-12-13 18:55:23,453 INFO PERFORMANCE:|1|0|-1|-1

2019-12-13 19:00:23,454 INFO PERFORMANCE:|1|0|-1|-1

2019-12-13 19:05:23,456 INFO PERFORMANCE:|1|0|-1|-1

2019-12-13 19:10:23,457 INFO PERFORMANCE:|1|0|-1|-1

2019-12-13 19:15:23,459 INFO PERFORMANCE:|1|0|-1|-1

2019-12-13 19:20:23,461 INFO PERFORMANCE:|1|0|-1|-1

2019-12-13 19:25:23,462 INFO PERFORMANCE:|1|0|-1|-1

2019-12-13 19:30:23,464 INFO PERFORMANCE:|1|0|-1|-1

2019-12-13 19:35:23,465 INFO PERFORMANCE:|1|0|-1|-1

2019-12-13 19:40:23,466 INFO PERFORMANCE:|1|0|-1|-1

2019-12-13 19:45:23,469 INFO PERFORMANCE:|1|0|-1|-1

2019-12-13 19:50:23,470 INFO PERFORMANCE:|1|0|-1|-1

2019-12-13 19:55:21,158 INFO PERFORMANCE:|1|0|-1|-1

2019-12-13 20:00:21,159 INFO PERFORMANCE:|1|0|-1|-1

2019-12-13 20:05:21,161 INFO PERFORMANCE:|1|0|-1|-1

2019-12-13 20:10:21,162 INFO PERFORMANCE:|1|0|-1|-1

2019-12-13 20:15:21,163 INFO PERFORMANCE:|1|0|-1|-1

2019-12-13 20:20:21,163 INFO PERFORMANCE:|1|0|-1|-1

